INFO:    Converting OCI blobs to SIF format
INFO:    Starting build...
Getting image source signatures
Copying blob sha256:345e3491a907bb7c6f1bdddcf4a94284b8b6ddd77eb7d93f09432b17b20f2bbe
Copying blob sha256:57671312ef6fdbecf340e5fed0fb0863350cd806c92b1fdd7978adbd02afc5c3
Copying blob sha256:5e9250ddb7d0fa6d13302c7c3e6a0aa40390e42424caed1e5289077ee4054709
Copying blob sha256:69bcbcfbfb7c2728cc174e95d68181ffa5bb33a3d038da7e8dfc821699e6903e
Copying blob sha256:34b70dd2d1e2630649ec880af4923fa323b946cfd1fc05b7543756cc234493c6
Copying blob sha256:c2757dd7a53ce06ea4ae04722d1bc0b28ff4133372e97e948daaac8bfb96226c
Copying blob sha256:5434c3ac6b60f766b05fe5f5ca5419972aa7b506da713942b6ce408528b346d4
Copying blob sha256:6d184c68f375af8eda2a8025441026bfc7bab38b4d53f7bd77a48f57419cb17b
Copying blob sha256:ea6b368399bcf576328abe100f4347360b378711dd3dbe6c32fdf394b05b9717
Copying blob sha256:67c921ab5efd084e34a33ca07585f9899cd3febcdea2894ccc0ed51ec1197ccf
Copying blob sha256:1a63ef462906e80207d96f948a866550d78f7e82ded996608b4e79ee70ea6db7
Copying blob sha256:67ed30a374f747dcc6d3453de9df996843aca1b3ae08fc0c490736aba25a81cb
Copying blob sha256:3edc264fbd8bfdd7131966a2a469bf126e953d46707594bc0b16835212a916ed
Copying blob sha256:fd7937d29ac39340abdf543a9c5f3cc2df2dac92d8c835f405d1a623bc8d1fa9
Copying blob sha256:332f6b8925e7b7f46f65c48e35dc1ba5e37c5fe852cce5ad50894026814bbf4f
Copying blob sha256:edffaa1e16f1eee85aae21bb79b236124c3d3dd5385ef62925f5051cce07f1af
Copying blob sha256:c2132bf4305e126b14601fad30301415560ee62658a9f8da2382985f5e7aa6fb
Copying blob sha256:1ac04ae64857374d617726f73fe5604d4a4bb832f80738cf121cff03eb043453
Copying blob sha256:e91b670a389ea2a8e043c59a2fb93cc1881ab23e60e6c2f40563d4c0b90a6124
Copying blob sha256:4ffe5af75ef428a5aa0b6f264e7c20440a71776d1e659bc6105924e6e9560b78
Copying blob sha256:99f72e1e23b57f5c49a346e349cec28e0bf441c71be369133e8ee1d971e9aa08
Copying blob sha256:bd69e8b25009a6c8c691fee171ce427a3b0f6123865319cb040eee5f57663bf4
Copying blob sha256:d090f5ed1a422c466456af7313d3490d8c53a1ffa1aa14490d5a68da44db5c61
Copying blob sha256:7887dd70d4bad72e4a78a65189c70d7282558151c0fb432392667398601ef637
Copying blob sha256:014adfbde54fccc2ade4e86007e489775b36cc9a54cba572a1243694378396b4
Copying blob sha256:fd79d38598e15401560d56ed2689f9a1b0d7d09f7ea7e91e788fdea14fb8b346
Copying blob sha256:a5d34de0c4ff77b310c733c110f24149c3586f673e773b54a29a43c1b501b738
Copying blob sha256:66ee4bea84bc2012727236467019661310c9d1cdad551291ed8788a2ff1746f9
Copying blob sha256:b95d1970550af741dff8227fe11f26d30e8a97e82328f4a448b919c670a3751d
Copying blob sha256:6b4bdd2d48b126f9645499de634812d3d2e89297252c2a64710514453b30b063
Copying blob sha256:af29d085e7c7c28070082f2cc71ac4af5f6f5d10a44fe4a31eb50af808c3d3a1
Copying blob sha256:da7047a7e3858ee49e908ed9f1c5d3ce7a3dfaa9707b812769df414266a6d4d2
Copying blob sha256:1f73993d9a31d74940c0bd1331275c56fe49bec1aacca800ccc0a2f2b27d0620
Copying blob sha256:2a51c1c15de8fd9e12ec244e04ae9b0cd009f190ccf9f11749a7469bdd47712d
Copying blob sha256:e23deee7652f93ba5499e4d96d9e8feb66278c8e499a396edd8c50d716068c5b
Copying blob sha256:b48aa20488a445be647fd18b81130c49c1b5b59eef9dee20bc99c843316fcb44
Copying blob sha256:428efcae8bc59e72c99a83b1d144e71aa968a4f3387d383c3789ea3949d83bdd
Copying blob sha256:22ef5920991bf3a7d20ec0f89ed2962757a4cc5bbd314beb283de330b3a91e78
Copying blob sha256:d3837c308ca96a0d7e88dd65a3f643020757770694118ffa1f380b86da5abe92
Copying blob sha256:9e97e4334b3733c75e7c36d6eaf31db150549d3525a187a96ab32ee1b8fca7c8
Copying blob sha256:06403c54ec8f00a31afb54670f49b69a94c5bc2aa11b24bdf78b9e531d3138c7
Copying blob sha256:c030db87c169686caaaee71df525eb15e19442872ddddb9631b814e6804c5d4b
Copying blob sha256:38126af7871eb7e9ae08d6575d8577192a51687698e8ce551604e504b23a2e5d
Copying blob sha256:5a34cba236e20e9026ce7ceef3fc1e1f27b814099fa4b6b53c1ed738688e60a9
Copying blob sha256:69c1f26959bb5e04441a7c1295d6fed2671106c4364671d97a0eec0094450db5
Copying blob sha256:301cee63f573b2d8342184ae5dd6099d2f138e0a2d27b18392be3b2220ab172a
Copying blob sha256:b329cd0204db931e8878850aeeb5103870ddc38f4ea3ef2c3ddecded77b6b9d5
Copying blob sha256:b65271d34cb52b956bfd9000b7cc5ea5d2160784db8f7df4472df5735c447635
Copying blob sha256:e7b2004181a0fa52498a8a6efab43bfb22728cf01e0fb796597a0e52433766eb
Copying blob sha256:b28da281447cf187ebab4cfed62451d83432b63887c4f503f2f1d6616a3d71ca
Copying blob sha256:a38a438ef2a565c8c45838d6ce772c348b3e1d1ffce998e3f2ec30790dc3cfdd
Copying blob sha256:57bfded0263c713a48f6fd396d0e1d36c138bbfe751de584525286efd06e3166
Copying blob sha256:07721c66ac7437313d0f911b64462d4ab9779a3015bdd8353892ba7529c7f886
Copying blob sha256:47b59b6597e07aec114d28a19391b1e993c4303674bb87ad36df7fc72853b988
Copying blob sha256:b1bf9b85ff81fe39e2a063223bd1e1044633efe0eec2fc0ef2d87503866924f8
Copying blob sha256:334e7b20204dd1aba27c787ad3482853194753d42072de16e100cb19752bf43a
Copying blob sha256:7f5f97bebaeb910efe58b3102fdc4422e296cc1bd7b722cf6b620e09a7758940
Copying blob sha256:2a79a825fc976dd8e86c576d2773693940bd734c2c5b067bc117752a1edbfdab
Copying blob sha256:da635951baf79789619b2a20de457bd4684afde7d85db598c8aa60f03df4a20c
Copying blob sha256:bc12da222e1ffc5fdd77cf8be74813541f9f26b9dd0c4983ac6cd12ee1bcb50b
Copying blob sha256:206277226af97bcbe50f8208173b0f4d7bf8ce2f879e7953302ab1217b607731
Copying blob sha256:f16df345b60b838a2db5bc2c78f5fd8e44bbd7940afd94bcf7d47d8520d86f0d
Copying blob sha256:554128ef3e996e8a19a480c0478689e366685519f3de20a92fb10125515e6fc6
Copying blob sha256:4f4fb700ef54461cfa02571ae0db9a0dc1e0cdb5577484a6d75e68dc38e8acc1
Copying blob sha256:70d601f942e027d6a4f7cbafb64470df5ab80e703f272afd4a530069d89b2165
Copying blob sha256:89ebda92b313678bcc158710399b7479b0996cb3857b800b5c689eff9589381e
Copying config sha256:adb604727fe062e029ad642961ff9da1ad84088160415347859b910fb871027f
Writing manifest to image destination
Storing signatures
2022/01/12 16:57:53  info unpack layer: sha256:345e3491a907bb7c6f1bdddcf4a94284b8b6ddd77eb7d93f09432b17b20f2bbe
2022/01/12 16:57:55  info unpack layer: sha256:57671312ef6fdbecf340e5fed0fb0863350cd806c92b1fdd7978adbd02afc5c3
2022/01/12 16:57:55  info unpack layer: sha256:5e9250ddb7d0fa6d13302c7c3e6a0aa40390e42424caed1e5289077ee4054709
2022/01/12 16:57:55  info unpack layer: sha256:69bcbcfbfb7c2728cc174e95d68181ffa5bb33a3d038da7e8dfc821699e6903e
2022/01/12 16:57:59  info unpack layer: sha256:34b70dd2d1e2630649ec880af4923fa323b946cfd1fc05b7543756cc234493c6
2022/01/12 16:58:04  info unpack layer: sha256:c2757dd7a53ce06ea4ae04722d1bc0b28ff4133372e97e948daaac8bfb96226c
2022/01/12 16:58:04  info unpack layer: sha256:5434c3ac6b60f766b05fe5f5ca5419972aa7b506da713942b6ce408528b346d4
2022/01/12 16:58:04  info unpack layer: sha256:6d184c68f375af8eda2a8025441026bfc7bab38b4d53f7bd77a48f57419cb17b
2022/01/12 16:58:04  info unpack layer: sha256:ea6b368399bcf576328abe100f4347360b378711dd3dbe6c32fdf394b05b9717
2022/01/12 16:58:04  info unpack layer: sha256:67c921ab5efd084e34a33ca07585f9899cd3febcdea2894ccc0ed51ec1197ccf
2022/01/12 16:58:04  info unpack layer: sha256:1a63ef462906e80207d96f948a866550d78f7e82ded996608b4e79ee70ea6db7
2022/01/12 16:58:04  info unpack layer: sha256:67ed30a374f747dcc6d3453de9df996843aca1b3ae08fc0c490736aba25a81cb
2022/01/12 16:58:04  info unpack layer: sha256:3edc264fbd8bfdd7131966a2a469bf126e953d46707594bc0b16835212a916ed
2022/01/12 16:58:04  info unpack layer: sha256:fd7937d29ac39340abdf543a9c5f3cc2df2dac92d8c835f405d1a623bc8d1fa9
2022/01/12 16:59:17  info unpack layer: sha256:332f6b8925e7b7f46f65c48e35dc1ba5e37c5fe852cce5ad50894026814bbf4f
2022/01/12 16:59:17  info unpack layer: sha256:edffaa1e16f1eee85aae21bb79b236124c3d3dd5385ef62925f5051cce07f1af
2022/01/12 16:59:17  info unpack layer: sha256:c2132bf4305e126b14601fad30301415560ee62658a9f8da2382985f5e7aa6fb
2022/01/12 16:59:17  info unpack layer: sha256:1ac04ae64857374d617726f73fe5604d4a4bb832f80738cf121cff03eb043453
2022/01/12 16:59:17  info unpack layer: sha256:e91b670a389ea2a8e043c59a2fb93cc1881ab23e60e6c2f40563d4c0b90a6124
2022/01/12 16:59:19  info unpack layer: sha256:4ffe5af75ef428a5aa0b6f264e7c20440a71776d1e659bc6105924e6e9560b78
2022/01/12 16:59:19  info unpack layer: sha256:99f72e1e23b57f5c49a346e349cec28e0bf441c71be369133e8ee1d971e9aa08
2022/01/12 16:59:19  info unpack layer: sha256:bd69e8b25009a6c8c691fee171ce427a3b0f6123865319cb040eee5f57663bf4
2022/01/12 16:59:26  info unpack layer: sha256:d090f5ed1a422c466456af7313d3490d8c53a1ffa1aa14490d5a68da44db5c61
2022/01/12 16:59:31  info unpack layer: sha256:7887dd70d4bad72e4a78a65189c70d7282558151c0fb432392667398601ef637
2022/01/12 16:59:33  info unpack layer: sha256:014adfbde54fccc2ade4e86007e489775b36cc9a54cba572a1243694378396b4
2022/01/12 17:00:03  info unpack layer: sha256:fd79d38598e15401560d56ed2689f9a1b0d7d09f7ea7e91e788fdea14fb8b346
2022/01/12 17:00:03  info unpack layer: sha256:a5d34de0c4ff77b310c733c110f24149c3586f673e773b54a29a43c1b501b738
2022/01/12 17:00:03  info unpack layer: sha256:66ee4bea84bc2012727236467019661310c9d1cdad551291ed8788a2ff1746f9
2022/01/12 17:00:03  info unpack layer: sha256:b95d1970550af741dff8227fe11f26d30e8a97e82328f4a448b919c670a3751d
2022/01/12 17:00:04  info unpack layer: sha256:6b4bdd2d48b126f9645499de634812d3d2e89297252c2a64710514453b30b063
2022/01/12 17:00:19  info unpack layer: sha256:af29d085e7c7c28070082f2cc71ac4af5f6f5d10a44fe4a31eb50af808c3d3a1
2022/01/12 17:00:25  info unpack layer: sha256:da7047a7e3858ee49e908ed9f1c5d3ce7a3dfaa9707b812769df414266a6d4d2
2022/01/12 17:00:55  info unpack layer: sha256:1f73993d9a31d74940c0bd1331275c56fe49bec1aacca800ccc0a2f2b27d0620
2022/01/12 17:00:55  info unpack layer: sha256:2a51c1c15de8fd9e12ec244e04ae9b0cd009f190ccf9f11749a7469bdd47712d
2022/01/12 17:00:55  info unpack layer: sha256:e23deee7652f93ba5499e4d96d9e8feb66278c8e499a396edd8c50d716068c5b
2022/01/12 17:01:01  warn rootless{usr/local/nvm/versions/node/v15.12.0/bin/npm} ignoring (usually) harmless EPERM on setxattr "user.rootlesscontainers"
2022/01/12 17:01:01  warn rootless{usr/local/nvm/versions/node/v15.12.0/bin/npx} ignoring (usually) harmless EPERM on setxattr "user.rootlesscontainers"
2022/01/12 17:01:02  info unpack layer: sha256:b48aa20488a445be647fd18b81130c49c1b5b59eef9dee20bc99c843316fcb44
2022/01/12 17:01:02  info unpack layer: sha256:428efcae8bc59e72c99a83b1d144e71aa968a4f3387d383c3789ea3949d83bdd
2022/01/12 17:01:07  info unpack layer: sha256:22ef5920991bf3a7d20ec0f89ed2962757a4cc5bbd314beb283de330b3a91e78
2022/01/12 17:01:40  info unpack layer: sha256:d3837c308ca96a0d7e88dd65a3f643020757770694118ffa1f380b86da5abe92
2022/01/12 17:02:02  info unpack layer: sha256:9e97e4334b3733c75e7c36d6eaf31db150549d3525a187a96ab32ee1b8fca7c8
2022/01/12 17:02:02  info unpack layer: sha256:06403c54ec8f00a31afb54670f49b69a94c5bc2aa11b24bdf78b9e531d3138c7
2022/01/12 17:02:02  info unpack layer: sha256:c030db87c169686caaaee71df525eb15e19442872ddddb9631b814e6804c5d4b
2022/01/12 17:02:03  info unpack layer: sha256:38126af7871eb7e9ae08d6575d8577192a51687698e8ce551604e504b23a2e5d
2022/01/12 17:02:03  info unpack layer: sha256:5a34cba236e20e9026ce7ceef3fc1e1f27b814099fa4b6b53c1ed738688e60a9
2022/01/12 17:02:03  info unpack layer: sha256:69c1f26959bb5e04441a7c1295d6fed2671106c4364671d97a0eec0094450db5
2022/01/12 17:02:15  info unpack layer: sha256:301cee63f573b2d8342184ae5dd6099d2f138e0a2d27b18392be3b2220ab172a
2022/01/12 17:02:15  info unpack layer: sha256:b329cd0204db931e8878850aeeb5103870ddc38f4ea3ef2c3ddecded77b6b9d5
2022/01/12 17:02:15  info unpack layer: sha256:b65271d34cb52b956bfd9000b7cc5ea5d2160784db8f7df4472df5735c447635
2022/01/12 17:02:15  info unpack layer: sha256:e7b2004181a0fa52498a8a6efab43bfb22728cf01e0fb796597a0e52433766eb
2022/01/12 17:02:17  info unpack layer: sha256:b28da281447cf187ebab4cfed62451d83432b63887c4f503f2f1d6616a3d71ca
2022/01/12 17:02:18  info unpack layer: sha256:a38a438ef2a565c8c45838d6ce772c348b3e1d1ffce998e3f2ec30790dc3cfdd
2022/01/12 17:02:20  info unpack layer: sha256:57bfded0263c713a48f6fd396d0e1d36c138bbfe751de584525286efd06e3166
2022/01/12 17:02:20  info unpack layer: sha256:07721c66ac7437313d0f911b64462d4ab9779a3015bdd8353892ba7529c7f886
2022/01/12 17:02:20  info unpack layer: sha256:47b59b6597e07aec114d28a19391b1e993c4303674bb87ad36df7fc72853b988
2022/01/12 17:02:20  info unpack layer: sha256:b1bf9b85ff81fe39e2a063223bd1e1044633efe0eec2fc0ef2d87503866924f8
2022/01/12 17:02:20  info unpack layer: sha256:334e7b20204dd1aba27c787ad3482853194753d42072de16e100cb19752bf43a
2022/01/12 17:02:20  info unpack layer: sha256:7f5f97bebaeb910efe58b3102fdc4422e296cc1bd7b722cf6b620e09a7758940
2022/01/12 17:02:23  info unpack layer: sha256:2a79a825fc976dd8e86c576d2773693940bd734c2c5b067bc117752a1edbfdab
2022/01/12 17:02:23  info unpack layer: sha256:da635951baf79789619b2a20de457bd4684afde7d85db598c8aa60f03df4a20c
2022/01/12 17:02:24  info unpack layer: sha256:bc12da222e1ffc5fdd77cf8be74813541f9f26b9dd0c4983ac6cd12ee1bcb50b
2022/01/12 17:02:24  info unpack layer: sha256:206277226af97bcbe50f8208173b0f4d7bf8ce2f879e7953302ab1217b607731
2022/01/12 17:02:30  info unpack layer: sha256:f16df345b60b838a2db5bc2c78f5fd8e44bbd7940afd94bcf7d47d8520d86f0d
2022/01/12 17:03:02  info unpack layer: sha256:554128ef3e996e8a19a480c0478689e366685519f3de20a92fb10125515e6fc6
2022/01/12 17:03:02  info unpack layer: sha256:4f4fb700ef54461cfa02571ae0db9a0dc1e0cdb5577484a6d75e68dc38e8acc1
2022/01/12 17:03:02  info unpack layer: sha256:70d601f942e027d6a4f7cbafb64470df5ab80e703f272afd4a530069d89b2165
2022/01/12 17:03:02  info unpack layer: sha256:89ebda92b313678bcc158710399b7479b0996cb3857b800b5c689eff9589381e
INFO:    Creating SIF file...
